<?xml version="1.0" encoding = 'utf-8'?>
<NAME NAME="First WM" VERSION = "0.1">
  
<!--  blabla
  
  <MATERIAL 
    NAME = "Mat1" 
    COLOR = "FF0099" 
    EPS = "0.5" 
    MU = "1" 
    SIGMA = "0.1"/>

  <MATERIAL 
    NAME = "Mat2" 
    COLOR = "FFAA00" 
    EPS = "5" 
    MU = "1.1" 
    SIGMA = "1"/>
  -->  

  <MATERIAL 
    NAME="Русский материал" 
    COLOR = "00//0099" 
    EPS = '//10' 
    MU = "1//" 
    SIGMA = "100"/>
  //ad///sa//
  <New1>
    薩&#60;沙是在高速公路和吸乾
    1.001 2.001 3.001 4.001
    Русский материал
  <New2 ChineseAttribute="薩沙是在高速公路和吸乾"/>
  </New1>

  1.0 2.0 bla-bla-bla

  <LAYER 
    NAME = 'Layer1' 
    MATERIAL = "Mat2" 
    X = "0.2" 
    WIDTH = "0.7"/>

  <![CDATA[CDATA test Русский материал 薩沙是在高速公路和吸乾 CDATA test/]]>

  <LAYER 
    NAME = "Layer2" 
    MATERIAL = "Mat1" 
    X = "0.0" 
    WIDTH = "0.1"/>

  <GAUSSGENERATOR
    NAME = "Gen1"
    X = "0.15"/>

  <SONDE
    NAME = "Sonde1"
    X = "0.5" />

  <New>
<Tag>text</Tag>
  </New>

</NAME>
